info it worked if it ends with ok
verbose cli [ 'node', '/usr/local/bin/npm', 'publish', '/' ]
info using npm@1.0.106
info using node@v0.6.7
verbose /usr/local/bin/node node symlink
verbose config file /Users/michael/.npmrc
verbose config file /usr/local/etc/npmrc
verbose config file /usr/local/lib/node_modules/npm/npmrc
verbose publish [ '/' ]
verbose cache add [ '/', null ]
silly cache add: name, spec, args [ undefined, '/', [ '/', null ] ]
verbose parsed url { pathname: '/', path: '/', href: '/' }
ERR! Could not install: /
ERR! Error: ENOENT, no such file or directory '/package.json'
ERR! Report this *entire* log at:
ERR!     <http://github.com/isaacs/npm/issues>
ERR! or email it to:
ERR!     <npm-@googlegroups.com>
ERR! 
ERR! System Darwin 11.3.0
ERR! command "node" "/usr/local/bin/npm" "publish" "/"
ERR! cwd /Users/michael/workspace/webstorm/website/blake
ERR! node -v v0.6.7
ERR! npm -v 1.0.106
ERR! path /package.json
ERR! code ENOENT
verbose exit [ 1, true ]
